[debug] [2021-05-15T14:53:35.202Z] ----------------------------------------------------------------------
[debug] [2021-05-15T14:53:35.209Z] Command:       C:\Program Files\nodejs\node.exe C:\Users\Soumitra\AppData\Roaming\npm\node_modules\firebase-tools\lib\bin\firebase.js init
[debug] [2021-05-15T14:53:35.210Z] CLI Version:   8.16.0
[debug] [2021-05-15T14:53:35.211Z] Platform:      win32
[debug] [2021-05-15T14:53:35.211Z] Node Version:  v10.16.0
[debug] [2021-05-15T14:53:35.285Z] Time:          Sat May 15 2021 20:23:35 GMT+0530 (India Standard Time)
[debug] [2021-05-15T14:53:35.285Z] ----------------------------------------------------------------------
[debug] [2021-05-15T14:53:35.285Z] 
[debug] [2021-05-15T14:53:35.300Z] >>> [apiv2][query] GET https://firebase-public.firebaseio.com/cli.json [none]
[debug] [2021-05-15T14:53:35.347Z] > command requires scopes: ["email","openid","https://www.googleapis.com/auth/cloudplatformprojects.readonly","https://www.googleapis.com/auth/firebase","https://www.googleapis.com/auth/cloud-platform"]
[debug] [2021-05-15T14:53:35.348Z] > authorizing via signed-in user
[info] 
     ######## #### ########  ######## ########     ###     ######  ########
     ##        ##  ##     ## ##       ##     ##  ##   ##  ##       ##
     ######    ##  ########  ######   ########  #########  ######  ######
     ##        ##  ##    ##  ##       ##     ## ##     ##       ## ##
     ##       #### ##     ## ######## ########  ##     ##  ######  ########

You're about to initialize a Firebase project in this directory:

  E:\demo\spotify

[debug] [2021-05-15T14:53:38.015Z] <<< [apiv2][status] GET https://firebase-public.firebaseio.com/cli.json 200
[debug] [2021-05-15T14:53:38.015Z] <<< [apiv2][body] GET https://firebase-public.firebaseio.com/cli.json {"cloudBuildErrorAfter":1594252800000,"cloudBuildWarnAfter":1590019200000,"defaultNode10After":1594252800000,"minVersion":"3.0.5","node8DeploysDisabledAfter":1613390400000,"node8RuntimeDisabledAfter":1615809600000,"node8WarnAfter":1600128000000}
[info] 
=== Project Setup
[info] 
[info] First, let's associate this project directory with a Firebase project.
[info] You can create multiple project aliases by running firebase use --add, 
[info] but for now we'll just set up a default project.
[info] 
[debug] [2021-05-15T14:58:24.370Z] > refreshing access token with scopes: ["email","https://www.googleapis.com/auth/cloud-platform","https://www.googleapis.com/auth/cloudplatformprojects.readonly","https://www.googleapis.com/auth/firebase","openid"]
[debug] [2021-05-15T14:58:24.371Z] >>> HTTP REQUEST POST https://www.googleapis.com/oauth2/v3/token  
 <request body omitted>
[debug] [2021-05-15T14:58:47.904Z] ----------------------------------------------------------------------
[debug] [2021-05-15T14:58:47.907Z] Command:       C:\Program Files\nodejs\node.exe C:\Users\Soumitra\AppData\Roaming\npm\node_modules\firebase-tools\lib\bin\firebase.js init
[debug] [2021-05-15T14:58:47.908Z] CLI Version:   8.16.0
[debug] [2021-05-15T14:58:47.908Z] Platform:      win32
[debug] [2021-05-15T14:58:47.908Z] Node Version:  v10.16.0
[debug] [2021-05-15T14:58:47.909Z] Time:          Sat May 15 2021 20:28:47 GMT+0530 (India Standard Time)
[debug] [2021-05-15T14:58:47.910Z] ----------------------------------------------------------------------
[debug] [2021-05-15T14:58:47.910Z] 
[debug] [2021-05-15T14:58:47.920Z] > command requires scopes: ["email","openid","https://www.googleapis.com/auth/cloudplatformprojects.readonly","https://www.googleapis.com/auth/firebase","https://www.googleapis.com/auth/cloud-platform"]
[debug] [2021-05-15T14:58:47.921Z] > authorizing via signed-in user
[info] 
     ######## #### ########  ######## ########     ###     ######  ########
     ##        ##  ##     ## ##       ##     ##  ##   ##  ##       ##
     ######    ##  ########  ######   ########  #########  ######  ######
     ##        ##  ##    ##  ##       ##     ## ##     ##       ## ##
     ##       #### ##     ## ######## ########  ##     ##  ######  ########

You're about to initialize a Firebase project in this directory:

  E:\demo\spotify

[info] 
=== Project Setup
[info] 
[info] First, let's associate this project directory with a Firebase project.
[info] You can create multiple project aliases by running firebase use --add, 
[info] but for now we'll just set up a default project.
[info] 
[debug] [2021-05-15T14:58:57.494Z] > refreshing access token with scopes: ["email","https://www.googleapis.com/auth/cloud-platform","https://www.googleapis.com/auth/cloudplatformprojects.readonly","https://www.googleapis.com/auth/firebase","openid"]
[debug] [2021-05-15T14:58:57.495Z] >>> HTTP REQUEST POST https://www.googleapis.com/oauth2/v3/token  
 <request body omitted>
[debug] [2021-05-15T14:59:18.570Z] Authentication Error: Your credentials are no longer valid. Please run firebase login --reauth

For CI servers and headless environments, generate a new token with firebase login:ci
[debug] [2021-05-15T14:59:19.202Z] FirebaseError: Authentication Error: Your credentials are no longer valid. Please run firebase login --reauth

For CI servers and headless environments, generate a new token with firebase login:ci
    at Object.<anonymous> (C:\Users\Soumitra\AppData\Roaming\npm\node_modules\firebase-tools\lib\auth.js:23:32)
    at Module._compile (internal/modules/cjs/loader.js:776:30)
    at Object.Module._extensions..js (internal/modules/cjs/loader.js:787:10)
    at Module.load (internal/modules/cjs/loader.js:653:32)
    at tryModuleLoad (internal/modules/cjs/loader.js:593:12)
    at Function.Module._load (internal/modules/cjs/loader.js:585:3)
    at Module.require (internal/modules/cjs/loader.js:690:17)
    at require (internal/modules/cjs/helpers.js:25:18)
    at Object.<anonymous> (C:\Users\Soumitra\AppData\Roaming\npm\node_modules\firebase-tools\lib\init\features\hosting\github.js:20:16)
    at Module._compile (internal/modules/cjs/loader.js:776:30)
    at Object.Module._extensions..js (internal/modules/cjs/loader.js:787:10)
    at Module.load (internal/modules/cjs/loader.js:653:32)
    at tryModuleLoad (internal/modules/cjs/loader.js:593:12)
    at Function.Module._load (internal/modules/cjs/loader.js:585:3)
    at Module.require (internal/modules/cjs/loader.js:690:17)
    at require (internal/modules/cjs/helpers.js:25:18)
[error] 
[error] Error: Failed to list Firebase projects. See firebase-debug.log for more info.
